ads/build/intermediates/manifest_merge_blame_file/debug/manifest-merger-blame-debug-report.txt
1<?xml version="1.0" encoding="utf-8"?>
2<manifest xmlns:android="http://schemas.android.com/apk/res/android"
3    package="com.amazic.ads" >
4
5    <uses-sdk android:minSdkVersion="17" />
5-->src\main\AndroidManifest.xml
6
7    <uses-permission android:name="android.permission.INTERNET" />
7-->src\main\AndroidManifest.xml:4:5-67
7-->src\main\AndroidManifest.xml:4:22-64
8    <uses-permission android:name="android.permission.ACCESS_NETWORK_STATE" />
8-->src\main\AndroidManifest.xml:5:5-79
8-->src\main\AndroidManifest.xml:5:22-76
9    <uses-permission android:name="android.permission.WAKE_LOCK" />
9-->src\main\AndroidManifest.xml:6:5-68
9-->src\main\AndroidManifest.xml:6:22-65
10
11    <application android:usesCleartextTraffic="true" />
11-->src\main\AndroidManifest.xml:7:5-68
11-->src\main\AndroidManifest.xml:7:18-53
12
13</manifest>